2024-05-02 09:47:43,772 [Worker-0: Loading available Gradle versions] INFO  o.e.b.c.i.u.g.PublishedGradleVersions - Gradle version information cache is up-to-date. Trying to read.
2024-05-02 10:45:51,347 [Worker-22: Building] INFO  o.a.m.s.f.DefaultMavenResourcesFiltering - Copying 1 resource from src\main\resources to target\classes
2024-05-02 10:45:51,589 [Worker-22: Building] INFO  o.a.m.s.f.DefaultMavenResourcesFiltering - Copying 0 resource from src\main\resources to target\classes
2024-05-02 10:45:51,606 [Worker-22: Building] INFO  o.a.m.s.f.DefaultMavenResourcesFiltering - skip non existing resourceDirectory C:\Users\bhagwat mohite\OneDrive\Desktop\EzioTech\E-comme-Backend\ezio-ecomm\src\test\resources
2024-05-08 10:11:21,902 [Worker-2: Loading available Gradle versions] INFO  o.e.b.c.i.u.g.PublishedGradleVersions - Gradle version information cache is out-of-date. Trying to update.
2024-05-08 10:12:45,583 [Worker-9: Launching ezio-ecomm - EzioEcommApplication] INFO  o.a.m.s.f.DefaultMavenResourcesFiltering - Copying 1 resource from src\main\resources to target\classes
2024-05-08 10:12:45,628 [Worker-9: Launching ezio-ecomm - EzioEcommApplication] INFO  o.a.m.s.f.DefaultMavenResourcesFiltering - Copying 0 resource from src\main\resources to target\classes
2024-05-08 10:12:45,641 [Worker-9: Launching ezio-ecomm - EzioEcommApplication] INFO  o.a.m.s.f.DefaultMavenResourcesFiltering - skip non existing resourceDirectory C:\Users\bhagwat mohite\OneDrive\Desktop\EzioTech\E-comme-Backend\ezio-ecomm\src\test\resources
2024-05-08 10:28:50,112 [Worker-13: Building] INFO  o.a.m.s.f.DefaultMavenResourcesFiltering - Copying 1 resource from src\main\resources to target\classes
2024-05-08 10:28:50,153 [Worker-13: Building] INFO  o.a.m.s.f.DefaultMavenResourcesFiltering - Copying 0 resource from src\main\resources to target\classes
2024-05-08 10:28:50,168 [Worker-13: Building] INFO  o.a.m.s.f.DefaultMavenResourcesFiltering - skip non existing resourceDirectory C:\Users\bhagwat mohite\OneDrive\Desktop\EzioTech\E-comme-Backend\ezio-ecomm\src\test\resources
2024-05-08 10:31:50,191 [Worker-5: Building] INFO  o.a.m.s.f.DefaultMavenResourcesFiltering - Copying 1 resource from src\main\resources to target\classes
2024-05-08 10:31:50,264 [Worker-5: Building] INFO  o.a.m.s.f.DefaultMavenResourcesFiltering - Copying 0 resource from src\main\resources to target\classes
2024-05-08 10:31:50,272 [Worker-5: Building] INFO  o.a.m.s.f.DefaultMavenResourcesFiltering - skip non existing resourceDirectory C:\Users\bhagwat mohite\OneDrive\Desktop\EzioTech\E-comme-Backend\ezio-ecomm\src\test\resources
2024-05-08 10:34:38,019 [Worker-18: Building] INFO  o.a.m.s.f.DefaultMavenResourcesFiltering - Copying 1 resource from src\main\resources to target\classes
2024-05-08 10:34:38,030 [Worker-18: Building] INFO  o.a.m.s.f.DefaultMavenResourcesFiltering - Copying 0 resource from src\main\resources to target\classes
2024-05-08 10:34:38,038 [Worker-18: Building] INFO  o.a.m.s.f.DefaultMavenResourcesFiltering - skip non existing resourceDirectory C:\Users\bhagwat mohite\OneDrive\Desktop\EzioTech\E-comme-Backend\ezio-ecomm\src\test\resources
2024-05-08 10:34:49,894 [Worker-18: Building] INFO  o.a.m.s.f.DefaultMavenResourcesFiltering - Copying 1 resource from src\main\resources to target\classes
2024-05-08 10:34:49,908 [Worker-18: Building] INFO  o.a.m.s.f.DefaultMavenResourcesFiltering - Copying 0 resource from src\main\resources to target\classes
2024-05-08 10:34:49,915 [Worker-18: Building] INFO  o.a.m.s.f.DefaultMavenResourcesFiltering - skip non existing resourceDirectory C:\Users\bhagwat mohite\OneDrive\Desktop\EzioTech\E-comme-Backend\ezio-ecomm\src\test\resources
2024-05-08 10:36:34,206 [Worker-5: Building] INFO  o.a.m.s.f.DefaultMavenResourcesFiltering - Copying 0 resource from src\main\resources to target\classes
2024-05-08 10:36:34,212 [Worker-5: Building] INFO  o.a.m.s.f.DefaultMavenResourcesFiltering - Copying 12 resources from src\main\resources to target\classes
2024-05-08 10:36:34,268 [Worker-5: Building] INFO  o.a.m.s.f.DefaultMavenResourcesFiltering - skip non existing resourceDirectory C:\Users\bhagwat mohite\OneDrive\Desktop\EzioTech\E-comme-Backend\ezio-ecomm\src\test\resources
2024-05-08 10:50:37,235 [Worker-21: Building] INFO  o.a.m.s.f.DefaultMavenResourcesFiltering - Copying 1 resource from src\main\resources to target\classes
2024-05-08 10:50:37,316 [Worker-21: Building] INFO  o.a.m.s.f.DefaultMavenResourcesFiltering - Copying 12 resources from src\main\resources to target\classes
2024-05-08 10:50:37,338 [Worker-21: Building] INFO  o.a.m.s.f.DefaultMavenResourcesFiltering - skip non existing resourceDirectory C:\Users\bhagwat mohite\OneDrive\Desktop\EzioTech\E-comme-Backend\ezio-ecomm\src\test\resources
2024-05-08 10:55:38,980 [Worker-20: Building] INFO  o.a.m.s.f.DefaultMavenResourcesFiltering - Copying 0 resource from src\main\resources to target\classes
2024-05-08 10:55:38,985 [Worker-20: Building] INFO  o.a.m.s.f.DefaultMavenResourcesFiltering - Copying 0 resource from src\main\resources to target\classes
2024-05-08 10:55:38,996 [Worker-20: Building] INFO  o.a.m.s.f.DefaultMavenResourcesFiltering - skip non existing resourceDirectory C:\Users\bhagwat mohite\OneDrive\Desktop\EzioTech\E-comme-Backend\ezio-ecomm\src\test\resources
2024-05-08 11:02:31,601 [Worker-20: Building] INFO  o.a.m.s.f.DefaultMavenResourcesFiltering - Copying 1 resource from src\main\resources to target\classes
2024-05-08 11:02:31,646 [Worker-20: Building] INFO  o.a.m.s.f.DefaultMavenResourcesFiltering - Copying 12 resources from src\main\resources to target\classes
2024-05-08 11:02:31,672 [Worker-20: Building] INFO  o.a.m.s.f.DefaultMavenResourcesFiltering - skip non existing resourceDirectory C:\Users\bhagwat mohite\OneDrive\Desktop\EzioTech\E-comme-Backend\ezio-ecomm\src\test\resources
2024-05-08 11:04:36,983 [Worker-27: Building] INFO  o.a.m.s.f.DefaultMavenResourcesFiltering - Copying 1 resource from src\main\resources to target\classes
2024-05-08 11:04:37,007 [Worker-27: Building] INFO  o.a.m.s.f.DefaultMavenResourcesFiltering - Copying 12 resources from src\main\resources to target\classes
2024-05-08 11:04:37,025 [Worker-27: Building] INFO  o.a.m.s.f.DefaultMavenResourcesFiltering - skip non existing resourceDirectory C:\Users\bhagwat mohite\OneDrive\Desktop\EzioTech\E-comme-Backend\ezio-ecomm\src\test\resources
2024-05-08 11:07:32,992 [Worker-25: Building] INFO  o.a.m.s.f.DefaultMavenResourcesFiltering - Copying 1 resource from src\main\resources to target\classes
2024-05-08 11:07:33,020 [Worker-25: Building] INFO  o.a.m.s.f.DefaultMavenResourcesFiltering - Copying 12 resources from src\main\resources to target\classes
2024-05-08 11:07:33,050 [Worker-25: Building] INFO  o.a.m.s.f.DefaultMavenResourcesFiltering - skip non existing resourceDirectory C:\Users\bhagwat mohite\OneDrive\Desktop\EzioTech\E-comme-Backend\ezio-ecomm\src\test\resources
2024-05-08 11:14:59,060 [Worker-33: Building] INFO  o.a.m.s.f.DefaultMavenResourcesFiltering - Copying 1 resource from src\main\resources to target\classes
2024-05-08 11:14:59,115 [Worker-33: Building] INFO  o.a.m.s.f.DefaultMavenResourcesFiltering - Copying 12 resources from src\main\resources to target\classes
2024-05-08 11:14:59,167 [Worker-33: Building] INFO  o.a.m.s.f.DefaultMavenResourcesFiltering - skip non existing resourceDirectory C:\Users\bhagwat mohite\OneDrive\Desktop\EzioTech\E-comme-Backend\ezio-ecomm\src\test\resources
2024-05-08 11:17:10,965 [Worker-35: Building] INFO  o.a.m.s.f.DefaultMavenResourcesFiltering - Copying 1 resource from src\main\resources to target\classes
2024-05-08 11:17:11,151 [Worker-35: Building] INFO  o.a.m.s.f.DefaultMavenResourcesFiltering - Copying 0 resource from src\main\resources to target\classes
2024-05-08 11:17:11,162 [Worker-35: Building] INFO  o.a.m.s.f.DefaultMavenResourcesFiltering - skip non existing resourceDirectory C:\Users\bhagwat mohite\OneDrive\Desktop\EzioTech\E-comme-Backend\ezio-ecomm\src\test\resources
2024-05-08 11:21:50,064 [Worker-37: Building] INFO  o.a.m.s.f.DefaultMavenResourcesFiltering - Copying 0 resource from src\main\resources to target\classes
2024-05-08 11:21:50,075 [Worker-37: Building] INFO  o.a.m.s.f.DefaultMavenResourcesFiltering - Copying 0 resource from src\main\resources to target\classes
2024-05-08 11:21:50,083 [Worker-37: Building] INFO  o.a.m.s.f.DefaultMavenResourcesFiltering - skip non existing resourceDirectory C:\Users\bhagwat mohite\OneDrive\Desktop\EzioTech\E-comme-Backend\ezio-ecomm\src\test\resources
2024-05-08 11:29:01,403 [Worker-10: Building] INFO  o.a.m.s.f.DefaultMavenResourcesFiltering - Copying 1 resource from src\main\resources to target\classes
2024-05-08 11:29:01,485 [Worker-10: Building] INFO  o.a.m.s.f.DefaultMavenResourcesFiltering - Copying 12 resources from src\main\resources to target\classes
2024-05-08 11:29:01,510 [Worker-10: Building] INFO  o.a.m.s.f.DefaultMavenResourcesFiltering - skip non existing resourceDirectory C:\Users\bhagwat mohite\OneDrive\Desktop\EzioTech\E-comme-Backend\ezio-ecomm\src\test\resources
2024-05-08 11:31:16,431 [Worker-29: Building] INFO  o.a.m.s.f.DefaultMavenResourcesFiltering - Copying 1 resource from src\main\resources to target\classes
2024-05-08 11:31:16,489 [Worker-29: Building] INFO  o.a.m.s.f.DefaultMavenResourcesFiltering - Copying 1 resource from src\main\resources to target\classes
2024-05-08 11:31:16,505 [Worker-29: Building] INFO  o.a.m.s.f.DefaultMavenResourcesFiltering - skip non existing resourceDirectory C:\Users\bhagwat mohite\OneDrive\Desktop\EzioTech\E-comme-Backend\ezio-ecomm\src\test\resources
2024-05-08 11:37:06,125 [Worker-46: Building] INFO  o.a.m.s.f.DefaultMavenResourcesFiltering - Copying 0 resource from src\main\resources to target\classes
2024-05-08 11:37:06,137 [Worker-46: Building] INFO  o.a.m.s.f.DefaultMavenResourcesFiltering - Copying 2 resources from src\main\resources to target\classes
2024-05-08 11:37:06,180 [Worker-46: Building] INFO  o.a.m.s.f.DefaultMavenResourcesFiltering - skip non existing resourceDirectory C:\Users\bhagwat mohite\OneDrive\Desktop\EzioTech\E-comme-Backend\ezio-ecomm\src\test\resources
2024-05-08 11:45:05,107 [Worker-47: Building] INFO  o.a.m.s.f.DefaultMavenResourcesFiltering - Copying 1 resource from src\main\resources to target\classes
2024-05-08 11:45:05,172 [Worker-47: Building] INFO  o.a.m.s.f.DefaultMavenResourcesFiltering - Copying 16 resources from src\main\resources to target\classes
2024-05-08 11:45:05,213 [Worker-47: Building] INFO  o.a.m.s.f.DefaultMavenResourcesFiltering - skip non existing resourceDirectory C:\Users\bhagwat mohite\OneDrive\Desktop\EzioTech\E-comme-Backend\ezio-ecomm\src\test\resources
2024-05-08 11:59:44,590 [Worker-46: Building] INFO  o.a.m.s.f.DefaultMavenResourcesFiltering - Copying 1 resource from src\main\resources to target\classes
2024-05-08 11:59:44,631 [Worker-46: Building] INFO  o.a.m.s.f.DefaultMavenResourcesFiltering - Copying 18 resources from src\main\resources to target\classes
2024-05-08 11:59:44,676 [Worker-46: Building] INFO  o.a.m.s.f.DefaultMavenResourcesFiltering - skip non existing resourceDirectory C:\Users\bhagwat mohite\OneDrive\Desktop\EzioTech\E-comme-Backend\ezio-ecomm\src\test\resources
2024-05-08 12:01:18,019 [Worker-56: Building] INFO  o.a.m.s.f.DefaultMavenResourcesFiltering - Copying 1 resource from src\main\resources to target\classes
2024-05-08 12:01:18,085 [Worker-56: Building] INFO  o.a.m.s.f.DefaultMavenResourcesFiltering - Copying 19 resources from src\main\resources to target\classes
2024-05-08 12:01:18,172 [Worker-56: Building] INFO  o.a.m.s.f.DefaultMavenResourcesFiltering - skip non existing resourceDirectory C:\Users\bhagwat mohite\OneDrive\Desktop\EzioTech\E-comme-Backend\ezio-ecomm\src\test\resources
2024-05-08 12:10:02,966 [Worker-60: Building] INFO  o.a.m.s.f.DefaultMavenResourcesFiltering - Copying 1 resource from src\main\resources to target\classes
2024-05-08 12:10:03,071 [Worker-60: Building] INFO  o.a.m.s.f.DefaultMavenResourcesFiltering - Copying 21 resources from src\main\resources to target\classes
2024-05-08 12:10:03,153 [Worker-60: Building] INFO  o.a.m.s.f.DefaultMavenResourcesFiltering - skip non existing resourceDirectory C:\Users\bhagwat mohite\OneDrive\Desktop\EzioTech\E-comme-Backend\ezio-ecomm\src\test\resources
2024-05-08 12:10:26,496 [Worker-63: Building] INFO  o.a.m.s.f.DefaultMavenResourcesFiltering - Copying 1 resource from src\main\resources to target\classes
2024-05-08 12:10:26,535 [Worker-63: Building] INFO  o.a.m.s.f.DefaultMavenResourcesFiltering - Copying 21 resources from src\main\resources to target\classes
2024-05-08 12:10:26,562 [Worker-63: Building] INFO  o.a.m.s.f.DefaultMavenResourcesFiltering - skip non existing resourceDirectory C:\Users\bhagwat mohite\OneDrive\Desktop\EzioTech\E-comme-Backend\ezio-ecomm\src\test\resources
2024-05-08 12:14:28,047 [Worker-60: Building] INFO  o.a.m.s.f.DefaultMavenResourcesFiltering - Copying 1 resource from src\main\resources to target\classes
2024-05-08 12:14:28,073 [Worker-60: Building] INFO  o.a.m.s.f.DefaultMavenResourcesFiltering - Copying 21 resources from src\main\resources to target\classes
2024-05-08 12:14:28,106 [Worker-60: Building] INFO  o.a.m.s.f.DefaultMavenResourcesFiltering - skip non existing resourceDirectory C:\Users\bhagwat mohite\OneDrive\Desktop\EzioTech\E-comme-Backend\ezio-ecomm\src\test\resources
2024-05-08 12:19:40,633 [Worker-67: Building] INFO  o.a.m.s.f.DefaultMavenResourcesFiltering - Copying 1 resource from src\main\resources to target\classes
2024-05-08 12:19:40,700 [Worker-67: Building] INFO  o.a.m.s.f.DefaultMavenResourcesFiltering - Copying 22 resources from src\main\resources to target\classes
2024-05-08 12:19:40,924 [Worker-67: Building] INFO  o.a.m.s.f.DefaultMavenResourcesFiltering - skip non existing resourceDirectory C:\Users\bhagwat mohite\OneDrive\Desktop\EzioTech\E-comme-Backend\ezio-ecomm\src\test\resources
2024-05-08 12:20:55,421 [Worker-68: Building] INFO  o.a.m.s.f.DefaultMavenResourcesFiltering - Copying 0 resource from src\main\resources to target\classes
2024-05-08 12:20:55,433 [Worker-68: Building] INFO  o.a.m.s.f.DefaultMavenResourcesFiltering - Copying 0 resource from src\main\resources to target\classes
2024-05-08 12:20:55,462 [Worker-68: Building] INFO  o.a.m.s.f.DefaultMavenResourcesFiltering - skip non existing resourceDirectory C:\Users\bhagwat mohite\OneDrive\Desktop\EzioTech\E-comme-Backend\ezio-ecomm\src\test\resources
2024-05-08 12:24:53,383 [Worker-73: Building] INFO  o.a.m.s.f.DefaultMavenResourcesFiltering - Copying 1 resource from src\main\resources to target\classes
2024-05-08 12:24:53,412 [Worker-73: Building] INFO  o.a.m.s.f.DefaultMavenResourcesFiltering - Copying 22 resources from src\main\resources to target\classes
2024-05-08 12:24:53,452 [Worker-73: Building] INFO  o.a.m.s.f.DefaultMavenResourcesFiltering - skip non existing resourceDirectory C:\Users\bhagwat mohite\OneDrive\Desktop\EzioTech\E-comme-Backend\ezio-ecomm\src\test\resources
2024-05-08 12:26:23,565 [Worker-68: Building] INFO  o.a.m.s.f.DefaultMavenResourcesFiltering - Copying 0 resource from src\main\resources to target\classes
2024-05-08 12:26:23,576 [Worker-68: Building] INFO  o.a.m.s.f.DefaultMavenResourcesFiltering - Copying 1 resource from src\main\resources to target\classes
2024-05-08 12:26:23,592 [Worker-68: Building] INFO  o.a.m.s.f.DefaultMavenResourcesFiltering - skip non existing resourceDirectory C:\Users\bhagwat mohite\OneDrive\Desktop\EzioTech\E-comme-Backend\ezio-ecomm\src\test\resources
2024-05-08 12:27:46,356 [Worker-74: Building] INFO  o.a.m.s.f.DefaultMavenResourcesFiltering - Copying 1 resource from src\main\resources to target\classes
2024-05-08 12:27:46,377 [Worker-74: Building] INFO  o.a.m.s.f.DefaultMavenResourcesFiltering - Copying 23 resources from src\main\resources to target\classes
2024-05-08 12:27:46,405 [Worker-74: Building] INFO  o.a.m.s.f.DefaultMavenResourcesFiltering - skip non existing resourceDirectory C:\Users\bhagwat mohite\OneDrive\Desktop\EzioTech\E-comme-Backend\ezio-ecomm\src\test\resources
2024-05-08 12:32:57,658 [Worker-71: Building] INFO  o.a.m.s.f.DefaultMavenResourcesFiltering - Copying 0 resource from src\main\resources to target\classes
2024-05-08 12:32:57,669 [Worker-71: Building] INFO  o.a.m.s.f.DefaultMavenResourcesFiltering - Copying 3 resources from src\main\resources to target\classes
2024-05-08 12:32:57,698 [Worker-71: Building] INFO  o.a.m.s.f.DefaultMavenResourcesFiltering - skip non existing resourceDirectory C:\Users\bhagwat mohite\OneDrive\Desktop\EzioTech\E-comme-Backend\ezio-ecomm\src\test\resources
2024-05-08 12:33:02,272 [Worker-71: Building] INFO  o.a.m.s.f.DefaultMavenResourcesFiltering - Copying 0 resource from src\main\resources to target\classes
2024-05-08 12:33:02,280 [Worker-71: Building] INFO  o.a.m.s.f.DefaultMavenResourcesFiltering - Copying 0 resource from src\main\resources to target\classes
2024-05-08 12:33:02,290 [Worker-71: Building] INFO  o.a.m.s.f.DefaultMavenResourcesFiltering - skip non existing resourceDirectory C:\Users\bhagwat mohite\OneDrive\Desktop\EzioTech\E-comme-Backend\ezio-ecomm\src\test\resources
2024-05-08 12:33:06,584 [Worker-78: Building] INFO  o.a.m.s.f.DefaultMavenResourcesFiltering - Copying 0 resource from src\main\resources to target\classes
2024-05-08 12:33:06,592 [Worker-78: Building] INFO  o.a.m.s.f.DefaultMavenResourcesFiltering - Copying 0 resource from src\main\resources to target\classes
2024-05-08 12:33:06,600 [Worker-78: Building] INFO  o.a.m.s.f.DefaultMavenResourcesFiltering - skip non existing resourceDirectory C:\Users\bhagwat mohite\OneDrive\Desktop\EzioTech\E-comme-Backend\ezio-ecomm\src\test\resources
2024-05-08 12:44:38,025 [Worker-79: Building] INFO  o.a.m.s.f.DefaultMavenResourcesFiltering - Copying 0 resource from src\main\resources to target\classes
2024-05-08 12:44:38,040 [Worker-79: Building] INFO  o.a.m.s.f.DefaultMavenResourcesFiltering - Copying 8 resources from src\main\resources to target\classes
2024-05-08 12:44:38,115 [Worker-79: Building] INFO  o.a.m.s.f.DefaultMavenResourcesFiltering - skip non existing resourceDirectory C:\Users\bhagwat mohite\OneDrive\Desktop\EzioTech\E-comme-Backend\ezio-ecomm\src\test\resources
2024-05-08 12:44:42,168 [Worker-83: Building] INFO  o.a.m.s.f.DefaultMavenResourcesFiltering - Copying 0 resource from src\main\resources to target\classes
2024-05-08 12:44:42,177 [Worker-83: Building] INFO  o.a.m.s.f.DefaultMavenResourcesFiltering - Copying 0 resource from src\main\resources to target\classes
2024-05-08 12:44:42,189 [Worker-83: Building] INFO  o.a.m.s.f.DefaultMavenResourcesFiltering - skip non existing resourceDirectory C:\Users\bhagwat mohite\OneDrive\Desktop\EzioTech\E-comme-Backend\ezio-ecomm\src\test\resources
2024-05-08 12:44:47,204 [Worker-81: Building] INFO  o.a.m.s.f.DefaultMavenResourcesFiltering - Copying 0 resource from src\main\resources to target\classes
2024-05-08 12:44:47,213 [Worker-81: Building] INFO  o.a.m.s.f.DefaultMavenResourcesFiltering - Copying 0 resource from src\main\resources to target\classes
2024-05-08 12:44:47,225 [Worker-81: Building] INFO  o.a.m.s.f.DefaultMavenResourcesFiltering - skip non existing resourceDirectory C:\Users\bhagwat mohite\OneDrive\Desktop\EzioTech\E-comme-Backend\ezio-ecomm\src\test\resources
2024-05-08 12:44:51,551 [Worker-83: Building] INFO  o.a.m.s.f.DefaultMavenResourcesFiltering - Copying 0 resource from src\main\resources to target\classes
2024-05-08 12:44:51,561 [Worker-83: Building] INFO  o.a.m.s.f.DefaultMavenResourcesFiltering - Copying 0 resource from src\main\resources to target\classes
2024-05-08 12:44:51,569 [Worker-83: Building] INFO  o.a.m.s.f.DefaultMavenResourcesFiltering - skip non existing resourceDirectory C:\Users\bhagwat mohite\OneDrive\Desktop\EzioTech\E-comme-Backend\ezio-ecomm\src\test\resources
2024-05-08 12:44:56,725 [Worker-85: Building] INFO  o.a.m.s.f.DefaultMavenResourcesFiltering - Copying 0 resource from src\main\resources to target\classes
2024-05-08 12:44:56,733 [Worker-85: Building] INFO  o.a.m.s.f.DefaultMavenResourcesFiltering - Copying 0 resource from src\main\resources to target\classes
2024-05-08 12:44:56,744 [Worker-85: Building] INFO  o.a.m.s.f.DefaultMavenResourcesFiltering - skip non existing resourceDirectory C:\Users\bhagwat mohite\OneDrive\Desktop\EzioTech\E-comme-Backend\ezio-ecomm\src\test\resources
2024-05-08 12:45:03,470 [Worker-79: Building] INFO  o.a.m.s.f.DefaultMavenResourcesFiltering - Copying 0 resource from src\main\resources to target\classes
2024-05-08 12:45:03,479 [Worker-79: Building] INFO  o.a.m.s.f.DefaultMavenResourcesFiltering - Copying 0 resource from src\main\resources to target\classes
2024-05-08 12:45:03,490 [Worker-79: Building] INFO  o.a.m.s.f.DefaultMavenResourcesFiltering - skip non existing resourceDirectory C:\Users\bhagwat mohite\OneDrive\Desktop\EzioTech\E-comme-Backend\ezio-ecomm\src\test\resources
2024-05-08 12:45:08,740 [Worker-79: Building] INFO  o.a.m.s.f.DefaultMavenResourcesFiltering - Copying 0 resource from src\main\resources to target\classes
2024-05-08 12:45:08,750 [Worker-79: Building] INFO  o.a.m.s.f.DefaultMavenResourcesFiltering - Copying 0 resource from src\main\resources to target\classes
2024-05-08 12:45:08,761 [Worker-79: Building] INFO  o.a.m.s.f.DefaultMavenResourcesFiltering - skip non existing resourceDirectory C:\Users\bhagwat mohite\OneDrive\Desktop\EzioTech\E-comme-Backend\ezio-ecomm\src\test\resources
2024-05-08 12:45:14,354 [Worker-81: Building] INFO  o.a.m.s.f.DefaultMavenResourcesFiltering - Copying 0 resource from src\main\resources to target\classes
2024-05-08 12:45:14,363 [Worker-81: Building] INFO  o.a.m.s.f.DefaultMavenResourcesFiltering - Copying 0 resource from src\main\resources to target\classes
2024-05-08 12:45:14,377 [Worker-81: Building] INFO  o.a.m.s.f.DefaultMavenResourcesFiltering - skip non existing resourceDirectory C:\Users\bhagwat mohite\OneDrive\Desktop\EzioTech\E-comme-Backend\ezio-ecomm\src\test\resources
2024-05-08 13:14:15,755 [Worker-84: Building] INFO  o.a.m.s.f.DefaultMavenResourcesFiltering - Copying 0 resource from src\main\resources to target\classes
2024-05-08 13:14:15,770 [Worker-84: Building] INFO  o.a.m.s.f.DefaultMavenResourcesFiltering - Copying 7 resources from src\main\resources to target\classes
2024-05-08 13:14:15,818 [Worker-84: Building] INFO  o.a.m.s.f.DefaultMavenResourcesFiltering - skip non existing resourceDirectory C:\Users\bhagwat mohite\OneDrive\Desktop\EzioTech\E-comme-Backend\ezio-ecomm\src\test\resources
2024-05-08 13:16:23,721 [Worker-94: Building] INFO  o.a.m.s.f.DefaultMavenResourcesFiltering - Copying 1 resource from src\main\resources to target\classes
2024-05-08 13:16:23,901 [Worker-94: Building] INFO  o.a.m.s.f.DefaultMavenResourcesFiltering - Copying 18 resources from src\main\resources to target\classes
2024-05-08 13:16:23,927 [Worker-94: Building] INFO  o.a.m.s.f.DefaultMavenResourcesFiltering - skip non existing resourceDirectory C:\Users\bhagwat mohite\OneDrive\Desktop\EzioTech\E-comme-Backend\ezio-ecomm\src\test\resources
2024-05-08 13:19:47,886 [Worker-93: Building] INFO  o.a.m.s.f.DefaultMavenResourcesFiltering - Copying 0 resource from src\main\resources to target\classes
2024-05-08 13:19:47,891 [Worker-93: Building] INFO  o.a.m.s.f.DefaultMavenResourcesFiltering - Copying 1 resource from src\main\resources to target\classes
2024-05-08 13:19:47,900 [Worker-93: Building] INFO  o.a.m.s.f.DefaultMavenResourcesFiltering - skip non existing resourceDirectory C:\Users\bhagwat mohite\OneDrive\Desktop\EzioTech\E-comme-Backend\ezio-ecomm\src\test\resources
2024-05-08 13:21:34,007 [Worker-91: Building] INFO  o.a.m.s.f.DefaultMavenResourcesFiltering - Copying 1 resource from src\main\resources to target\classes
2024-05-08 13:21:34,060 [Worker-91: Building] INFO  o.a.m.s.f.DefaultMavenResourcesFiltering - Copying 18 resources from src\main\resources to target\classes
2024-05-08 13:21:34,081 [Worker-91: Building] INFO  o.a.m.s.f.DefaultMavenResourcesFiltering - skip non existing resourceDirectory C:\Users\bhagwat mohite\OneDrive\Desktop\EzioTech\E-comme-Backend\ezio-ecomm\src\test\resources
2024-05-08 13:22:19,858 [Worker-96: Building] INFO  o.a.m.s.f.DefaultMavenResourcesFiltering - Copying 1 resource from src\main\resources to target\classes
2024-05-08 13:22:19,888 [Worker-96: Building] INFO  o.a.m.s.f.DefaultMavenResourcesFiltering - Copying 18 resources from src\main\resources to target\classes
2024-05-08 13:22:19,986 [Worker-96: Building] INFO  o.a.m.s.f.DefaultMavenResourcesFiltering - skip non existing resourceDirectory C:\Users\bhagwat mohite\OneDrive\Desktop\EzioTech\E-comme-Backend\ezio-ecomm\src\test\resources
2024-05-09 07:20:16,716 [Worker-2: Loading available Gradle versions] INFO  o.e.b.c.i.u.g.PublishedGradleVersions - Gradle version information cache is up-to-date. Trying to read.
2024-05-09 07:42:32,830 [Worker-17: Building] INFO  o.a.m.s.f.DefaultMavenResourcesFiltering - Copying 1 resource from src\main\resources to target\classes
2024-05-09 07:42:33,374 [Worker-17: Building] INFO  o.a.m.s.f.DefaultMavenResourcesFiltering - Copying 18 resources from src\main\resources to target\classes
2024-05-09 07:42:33,480 [Worker-17: Building] INFO  o.a.m.s.f.DefaultMavenResourcesFiltering - skip non existing resourceDirectory C:\Users\bhagwat mohite\OneDrive\Desktop\EzioTech\E-comme-Backend\ezio-ecomm\src\test\resources
2024-05-09 15:58:11,960 [Worker-67: Building] INFO  o.a.m.s.f.DefaultMavenResourcesFiltering - Copying 1 resource from src\main\resources to target\classes
2024-05-09 15:58:12,134 [Worker-67: Building] INFO  o.a.m.s.f.DefaultMavenResourcesFiltering - Copying 19 resources from src\main\resources to target\classes
2024-05-09 15:58:12,214 [Worker-67: Building] INFO  o.a.m.s.f.DefaultMavenResourcesFiltering - skip non existing resourceDirectory C:\Users\bhagwat mohite\OneDrive\Desktop\EzioTech\E-comme-Backend\ezio-ecomm\src\test\resources
2024-05-09 15:58:14,320 [Worker-67: Building] INFO  o.a.m.s.f.DefaultMavenResourcesFiltering - Copying 1 resource from src\main\resources to target\classes
2024-05-09 15:58:14,359 [Worker-67: Building] INFO  o.a.m.s.f.DefaultMavenResourcesFiltering - Copying 19 resources from src\main\resources to target\classes
2024-05-09 15:58:14,401 [Worker-67: Building] INFO  o.a.m.s.f.DefaultMavenResourcesFiltering - skip non existing resourceDirectory C:\Users\bhagwat mohite\OneDrive\Desktop\EzioTech\E-comme-Backend\ezio-ecomm\src\test\resources
2024-05-09 15:58:26,139 [Worker-71: Building] INFO  o.a.m.s.f.DefaultMavenResourcesFiltering - Copying 1 resource from src\main\resources to target\classes
2024-05-09 15:58:26,392 [Worker-71: Building] INFO  o.a.m.s.f.DefaultMavenResourcesFiltering - Copying 19 resources from src\main\resources to target\classes
2024-05-09 15:58:26,434 [Worker-71: Building] INFO  o.a.m.s.f.DefaultMavenResourcesFiltering - skip non existing resourceDirectory C:\Users\bhagwat mohite\OneDrive\Desktop\EzioTech\E-comme-Backend\ezio-ecomm\src\test\resources
2024-05-09 16:00:03,336 [Worker-67: Building] INFO  o.a.m.s.f.DefaultMavenResourcesFiltering - Copying 1 resource from src\main\resources to target\classes
2024-05-09 16:00:03,401 [Worker-67: Building] INFO  o.a.m.s.f.DefaultMavenResourcesFiltering - Copying 19 resources from src\main\resources to target\classes
2024-05-09 16:00:03,520 [Worker-67: Building] INFO  o.a.m.s.f.DefaultMavenResourcesFiltering - skip non existing resourceDirectory C:\Users\bhagwat mohite\OneDrive\Desktop\EzioTech\E-comme-Backend\ezio-ecomm\src\test\resources
2024-05-09 16:04:56,543 [Worker-66: Building] INFO  o.a.m.s.f.DefaultMavenResourcesFiltering - Copying 1 resource from src\main\resources to target\classes
2024-05-09 16:04:56,573 [Worker-66: Building] INFO  o.a.m.s.f.DefaultMavenResourcesFiltering - Copying 19 resources from src\main\resources to target\classes
2024-05-09 16:04:56,604 [Worker-66: Building] INFO  o.a.m.s.f.DefaultMavenResourcesFiltering - skip non existing resourceDirectory C:\Users\bhagwat mohite\OneDrive\Desktop\EzioTech\E-comme-Backend\ezio-ecomm\src\test\resources
2024-05-09 16:05:27,644 [Worker-76: Building] INFO  o.a.m.s.f.DefaultMavenResourcesFiltering - Copying 1 resource from src\main\resources to target\classes
2024-05-09 16:05:27,670 [Worker-76: Building] INFO  o.a.m.s.f.DefaultMavenResourcesFiltering - Copying 19 resources from src\main\resources to target\classes
2024-05-09 16:05:27,712 [Worker-76: Building] INFO  o.a.m.s.f.DefaultMavenResourcesFiltering - skip non existing resourceDirectory C:\Users\bhagwat mohite\OneDrive\Desktop\EzioTech\E-comme-Backend\ezio-ecomm\src\test\resources
2024-05-09 16:09:21,562 [Worker-71: Building] INFO  o.a.m.s.f.DefaultMavenResourcesFiltering - Copying 1 resource from src\main\resources to target\classes
2024-05-09 16:09:21,588 [Worker-71: Building] INFO  o.a.m.s.f.DefaultMavenResourcesFiltering - Copying 19 resources from src\main\resources to target\classes
2024-05-09 16:09:21,615 [Worker-71: Building] INFO  o.a.m.s.f.DefaultMavenResourcesFiltering - skip non existing resourceDirectory C:\Users\bhagwat mohite\OneDrive\Desktop\EzioTech\E-comme-Backend\ezio-ecomm\src\test\resources
2024-05-09 16:09:49,397 [Worker-78: Building] INFO  o.a.m.s.f.DefaultMavenResourcesFiltering - Copying 1 resource from src\main\resources to target\classes
2024-05-09 16:09:49,415 [Worker-78: Building] INFO  o.a.m.s.f.DefaultMavenResourcesFiltering - Copying 19 resources from src\main\resources to target\classes
2024-05-09 16:09:49,492 [Worker-78: Building] INFO  o.a.m.s.f.DefaultMavenResourcesFiltering - skip non existing resourceDirectory C:\Users\bhagwat mohite\OneDrive\Desktop\EzioTech\E-comme-Backend\ezio-ecomm\src\test\resources
2024-05-09 16:33:39,086 [Worker-75: Building] INFO  o.a.m.s.f.DefaultMavenResourcesFiltering - Copying 1 resource from src\main\resources to target\classes
2024-05-09 16:33:39,182 [Worker-75: Building] INFO  o.a.m.s.f.DefaultMavenResourcesFiltering - Copying 19 resources from src\main\resources to target\classes
2024-05-09 16:33:39,227 [Worker-75: Building] INFO  o.a.m.s.f.DefaultMavenResourcesFiltering - skip non existing resourceDirectory C:\Users\bhagwat mohite\OneDrive\Desktop\EzioTech\E-comme-Backend\ezio-ecomm\src\test\resources
2024-05-09 16:34:26,821 [Worker-84: Building] INFO  o.a.m.s.f.DefaultMavenResourcesFiltering - Copying 1 resource from src\main\resources to target\classes
2024-05-09 16:34:26,937 [Worker-84: Building] INFO  o.a.m.s.f.DefaultMavenResourcesFiltering - Copying 19 resources from src\main\resources to target\classes
2024-05-09 16:34:26,966 [Worker-84: Building] INFO  o.a.m.s.f.DefaultMavenResourcesFiltering - skip non existing resourceDirectory C:\Users\bhagwat mohite\OneDrive\Desktop\EzioTech\E-comme-Backend\ezio-ecomm\src\test\resources
2024-05-09 16:35:11,245 [Worker-75: Building] INFO  o.a.m.s.f.DefaultMavenResourcesFiltering - Copying 1 resource from src\main\resources to target\classes
2024-05-09 16:35:11,274 [Worker-75: Building] INFO  o.a.m.s.f.DefaultMavenResourcesFiltering - Copying 19 resources from src\main\resources to target\classes
2024-05-09 16:35:11,343 [Worker-75: Building] INFO  o.a.m.s.f.DefaultMavenResourcesFiltering - skip non existing resourceDirectory C:\Users\bhagwat mohite\OneDrive\Desktop\EzioTech\E-comme-Backend\ezio-ecomm\src\test\resources
2024-05-09 16:36:00,159 [Worker-86: Building] INFO  o.a.m.s.f.DefaultMavenResourcesFiltering - Copying 1 resource from src\main\resources to target\classes
2024-05-09 16:36:00,179 [Worker-86: Building] INFO  o.a.m.s.f.DefaultMavenResourcesFiltering - Copying 19 resources from src\main\resources to target\classes
2024-05-09 16:36:00,202 [Worker-86: Building] INFO  o.a.m.s.f.DefaultMavenResourcesFiltering - skip non existing resourceDirectory C:\Users\bhagwat mohite\OneDrive\Desktop\EzioTech\E-comme-Backend\ezio-ecomm\src\test\resources
2024-05-09 16:36:40,880 [Worker-84: Building] INFO  o.a.m.s.f.DefaultMavenResourcesFiltering - Copying 1 resource from src\main\resources to target\classes
2024-05-09 16:36:40,907 [Worker-84: Building] INFO  o.a.m.s.f.DefaultMavenResourcesFiltering - Copying 19 resources from src\main\resources to target\classes
2024-05-09 16:36:40,945 [Worker-84: Building] INFO  o.a.m.s.f.DefaultMavenResourcesFiltering - skip non existing resourceDirectory C:\Users\bhagwat mohite\OneDrive\Desktop\EzioTech\E-comme-Backend\ezio-ecomm\src\test\resources
2024-05-09 16:41:45,197 [Worker-86: Building] INFO  o.a.m.s.f.DefaultMavenResourcesFiltering - Copying 1 resource from src\main\resources to target\classes
2024-05-09 16:41:45,223 [Worker-86: Building] INFO  o.a.m.s.f.DefaultMavenResourcesFiltering - Copying 19 resources from src\main\resources to target\classes
2024-05-09 16:41:45,260 [Worker-86: Building] INFO  o.a.m.s.f.DefaultMavenResourcesFiltering - skip non existing resourceDirectory C:\Users\bhagwat mohite\OneDrive\Desktop\EzioTech\E-comme-Backend\ezio-ecomm\src\test\resources
2024-05-09 16:44:51,420 [Worker-75: Building] INFO  o.a.m.s.f.DefaultMavenResourcesFiltering - Copying 1 resource from src\main\resources to target\classes
2024-05-09 16:44:51,442 [Worker-75: Building] INFO  o.a.m.s.f.DefaultMavenResourcesFiltering - Copying 19 resources from src\main\resources to target\classes
2024-05-09 16:44:51,481 [Worker-75: Building] INFO  o.a.m.s.f.DefaultMavenResourcesFiltering - skip non existing resourceDirectory C:\Users\bhagwat mohite\OneDrive\Desktop\EzioTech\E-comme-Backend\ezio-ecomm\src\test\resources
2024-05-09 16:57:43,877 [Worker-93: Building] INFO  o.a.m.s.f.DefaultMavenResourcesFiltering - Copying 1 resource from src\main\resources to target\classes
2024-05-09 16:57:44,097 [Worker-93: Building] INFO  o.a.m.s.f.DefaultMavenResourcesFiltering - Copying 19 resources from src\main\resources to target\classes
2024-05-09 16:57:44,275 [Worker-93: Building] INFO  o.a.m.s.f.DefaultMavenResourcesFiltering - skip non existing resourceDirectory C:\Users\bhagwat mohite\OneDrive\Desktop\EzioTech\E-comme-Backend\ezio-ecomm\src\test\resources
2024-05-09 16:58:38,387 [Worker-92: Building] INFO  o.a.m.s.f.DefaultMavenResourcesFiltering - Copying 1 resource from src\main\resources to target\classes
2024-05-09 16:58:38,425 [Worker-92: Building] INFO  o.a.m.s.f.DefaultMavenResourcesFiltering - Copying 19 resources from src\main\resources to target\classes
2024-05-09 16:58:38,455 [Worker-92: Building] INFO  o.a.m.s.f.DefaultMavenResourcesFiltering - skip non existing resourceDirectory C:\Users\bhagwat mohite\OneDrive\Desktop\EzioTech\E-comme-Backend\ezio-ecomm\src\test\resources
2024-05-09 16:59:24,581 [Worker-92: Building] INFO  o.a.m.s.f.DefaultMavenResourcesFiltering - Copying 1 resource from src\main\resources to target\classes
2024-05-09 16:59:24,634 [Worker-92: Building] INFO  o.a.m.s.f.DefaultMavenResourcesFiltering - Copying 19 resources from src\main\resources to target\classes
2024-05-09 16:59:24,667 [Worker-92: Building] INFO  o.a.m.s.f.DefaultMavenResourcesFiltering - skip non existing resourceDirectory C:\Users\bhagwat mohite\OneDrive\Desktop\EzioTech\E-comme-Backend\ezio-ecomm\src\test\resources
2024-05-09 17:02:52,158 [Worker-100: Building] INFO  o.a.m.s.f.DefaultMavenResourcesFiltering - Copying 1 resource from src\main\resources to target\classes
2024-05-09 17:02:52,182 [Worker-100: Building] INFO  o.a.m.s.f.DefaultMavenResourcesFiltering - Copying 19 resources from src\main\resources to target\classes
2024-05-09 17:02:52,214 [Worker-100: Building] INFO  o.a.m.s.f.DefaultMavenResourcesFiltering - skip non existing resourceDirectory C:\Users\bhagwat mohite\OneDrive\Desktop\EzioTech\E-comme-Backend\ezio-ecomm\src\test\resources
2024-05-09 17:07:56,648 [Worker-99: Building] INFO  o.a.m.s.f.DefaultMavenResourcesFiltering - Copying 1 resource from src\main\resources to target\classes
2024-05-09 17:07:56,674 [Worker-99: Building] INFO  o.a.m.s.f.DefaultMavenResourcesFiltering - Copying 19 resources from src\main\resources to target\classes
2024-05-09 17:07:56,710 [Worker-99: Building] INFO  o.a.m.s.f.DefaultMavenResourcesFiltering - skip non existing resourceDirectory C:\Users\bhagwat mohite\OneDrive\Desktop\EzioTech\E-comme-Backend\ezio-ecomm\src\test\resources
2024-05-09 17:10:05,630 [Worker-101: Building] INFO  o.a.m.s.f.DefaultMavenResourcesFiltering - Copying 1 resource from src\main\resources to target\classes
2024-05-09 17:10:05,769 [Worker-101: Building] INFO  o.a.m.s.f.DefaultMavenResourcesFiltering - Copying 19 resources from src\main\resources to target\classes
2024-05-09 17:10:05,806 [Worker-101: Building] INFO  o.a.m.s.f.DefaultMavenResourcesFiltering - skip non existing resourceDirectory C:\Users\bhagwat mohite\OneDrive\Desktop\EzioTech\E-comme-Backend\ezio-ecomm\src\test\resources
2024-05-09 17:11:11,957 [Worker-103: Building] INFO  o.a.m.s.f.DefaultMavenResourcesFiltering - Copying 1 resource from src\main\resources to target\classes
2024-05-09 17:11:12,025 [Worker-103: Building] INFO  o.a.m.s.f.DefaultMavenResourcesFiltering - Copying 19 resources from src\main\resources to target\classes
2024-05-09 17:11:12,057 [Worker-103: Building] INFO  o.a.m.s.f.DefaultMavenResourcesFiltering - skip non existing resourceDirectory C:\Users\bhagwat mohite\OneDrive\Desktop\EzioTech\E-comme-Backend\ezio-ecomm\src\test\resources
2024-05-09 17:15:29,011 [Worker-107: Building] INFO  o.a.m.s.f.DefaultMavenResourcesFiltering - Copying 1 resource from src\main\resources to target\classes
2024-05-09 17:15:29,041 [Worker-107: Building] INFO  o.a.m.s.f.DefaultMavenResourcesFiltering - Copying 19 resources from src\main\resources to target\classes
2024-05-09 17:15:29,068 [Worker-107: Building] INFO  o.a.m.s.f.DefaultMavenResourcesFiltering - skip non existing resourceDirectory C:\Users\bhagwat mohite\OneDrive\Desktop\EzioTech\E-comme-Backend\ezio-ecomm\src\test\resources
2024-05-09 17:16:12,467 [Worker-101: Building] INFO  o.a.m.s.f.DefaultMavenResourcesFiltering - Copying 1 resource from src\main\resources to target\classes
2024-05-09 17:16:12,488 [Worker-101: Building] INFO  o.a.m.s.f.DefaultMavenResourcesFiltering - Copying 19 resources from src\main\resources to target\classes
2024-05-09 17:16:12,515 [Worker-101: Building] INFO  o.a.m.s.f.DefaultMavenResourcesFiltering - skip non existing resourceDirectory C:\Users\bhagwat mohite\OneDrive\Desktop\EzioTech\E-comme-Backend\ezio-ecomm\src\test\resources
2024-05-09 18:54:56,142 [Worker-116: Building] INFO  o.a.m.s.f.DefaultMavenResourcesFiltering - Copying 0 resource from src\main\resources to target\classes
2024-05-09 18:54:56,226 [Worker-116: Building] INFO  o.a.m.s.f.DefaultMavenResourcesFiltering - Copying 2 resources from src\main\resources to target\classes
2024-05-09 18:54:56,243 [Worker-116: Building] INFO  o.a.m.s.f.DefaultMavenResourcesFiltering - skip non existing resourceDirectory C:\Users\bhagwat mohite\OneDrive\Desktop\EzioTech\E-comme-Backend\ezio-ecomm\src\test\resources
2024-05-10 09:54:44,783 [Worker-1: Loading available Gradle versions] INFO  o.e.b.c.i.u.g.PublishedGradleVersions - Gradle version information cache is up-to-date. Trying to read.
2024-05-10 16:02:45,491 [Worker-52: Building] INFO  o.a.m.s.f.DefaultMavenResourcesFiltering - Copying 1 resource from src\main\resources to target\classes
2024-05-10 16:02:45,552 [Worker-52: Building] INFO  o.a.m.s.f.DefaultMavenResourcesFiltering - Copying 0 resource from src\main\resources to target\classes
2024-05-10 16:02:45,561 [Worker-52: Building] INFO  o.a.m.s.f.DefaultMavenResourcesFiltering - skip non existing resourceDirectory C:\Users\bhagwat mohite\OneDrive\Desktop\EzioTech\E-comme-Backend\e-commerce-backend-1\src\test\resources
2024-05-10 16:02:48,796 [Worker-52: Building] INFO  o.e.m.c.i.p.WorkspaceClassifierResolverManager - Resolving P/e-commerce-backend-1: com.ecommerce:e-commerce-backend-1:0.0.1-SNAPSHOT with classifier  to /e-commerce-backend-1/target/classes
2024-05-10 16:02:49,083 [Worker-52: Building] INFO  o.a.m.s.f.DefaultMavenResourcesFiltering - Copying 1 resource from src\main\resources to target\classes
2024-05-10 16:02:49,111 [Worker-52: Building] INFO  o.a.m.s.f.DefaultMavenResourcesFiltering - Copying 0 resource from src\main\resources to target\classes
2024-05-10 16:02:49,118 [Worker-52: Building] INFO  o.a.m.s.f.DefaultMavenResourcesFiltering - skip non existing resourceDirectory C:\Users\bhagwat mohite\OneDrive\Desktop\EzioTech\E-comme-Backend\ecomm\src\test\resources
2024-05-10 16:02:49,661 [Worker-52: Building] INFO  o.a.m.s.f.DefaultMavenResourcesFiltering - Copying 1 resource from src\main\resources to target\classes
2024-05-10 16:02:49,771 [Worker-52: Building] INFO  o.a.m.s.f.DefaultMavenResourcesFiltering - Copying 19 resources from src\main\resources to target\classes
2024-05-10 16:02:49,813 [Worker-52: Building] INFO  o.a.m.s.f.DefaultMavenResourcesFiltering - skip non existing resourceDirectory C:\Users\bhagwat mohite\OneDrive\Desktop\EzioTech\E-comme-Backend\ezio-ecomm\src\test\resources
2024-05-10 16:03:14,648 [Worker-52: Building] INFO  o.a.m.s.f.DefaultMavenResourcesFiltering - Copying 1 resource from src\main\resources to target\classes
2024-05-10 16:03:14,807 [Worker-52: Building] INFO  o.a.m.s.f.DefaultMavenResourcesFiltering - Copying 19 resources from src\main\resources to target\classes
2024-05-10 16:03:14,823 [Worker-52: Building] INFO  o.a.m.s.f.DefaultMavenResourcesFiltering - skip non existing resourceDirectory C:\Users\bhagwat mohite\OneDrive\Desktop\EzioTech\E-comme-Backend\ezio-ecomm\src\test\resources
2024-05-10 16:03:52,892 [Worker-53: Building] INFO  o.a.m.s.f.DefaultMavenResourcesFiltering - Copying 1 resource from src\main\resources to target\classes
2024-05-10 16:03:52,906 [Worker-53: Building] INFO  o.a.m.s.f.DefaultMavenResourcesFiltering - Copying 19 resources from src\main\resources to target\classes
2024-05-10 16:03:52,923 [Worker-53: Building] INFO  o.a.m.s.f.DefaultMavenResourcesFiltering - skip non existing resourceDirectory C:\Users\bhagwat mohite\OneDrive\Desktop\EzioTech\E-comme-Backend\ezio-ecomm\src\test\resources
2024-05-10 16:05:01,000 [Worker-57: Building] INFO  o.a.m.s.f.DefaultMavenResourcesFiltering - Copying 1 resource from src\main\resources to target\classes
2024-05-10 16:05:01,014 [Worker-57: Building] INFO  o.a.m.s.f.DefaultMavenResourcesFiltering - Copying 19 resources from src\main\resources to target\classes
2024-05-10 16:05:01,041 [Worker-57: Building] INFO  o.a.m.s.f.DefaultMavenResourcesFiltering - skip non existing resourceDirectory C:\Users\bhagwat mohite\OneDrive\Desktop\EzioTech\E-comme-Backend\ezio-ecomm\src\test\resources
2024-05-10 16:18:11,246 [Worker-59: Building] INFO  o.a.m.s.f.DefaultMavenResourcesFiltering - Copying 1 resource from src\main\resources to target\classes
2024-05-10 16:18:11,267 [Worker-59: Building] INFO  o.a.m.s.f.DefaultMavenResourcesFiltering - Copying 19 resources from src\main\resources to target\classes
2024-05-10 16:18:11,287 [Worker-59: Building] INFO  o.a.m.s.f.DefaultMavenResourcesFiltering - skip non existing resourceDirectory C:\Users\bhagwat mohite\OneDrive\Desktop\EzioTech\E-comme-Backend\ezio-ecomm\src\test\resources
2024-05-10 16:19:30,899 [Worker-60: Building] INFO  o.a.m.s.f.DefaultMavenResourcesFiltering - Copying 1 resource from src\main\resources to target\classes
2024-05-10 16:19:30,919 [Worker-60: Building] INFO  o.a.m.s.f.DefaultMavenResourcesFiltering - Copying 19 resources from src\main\resources to target\classes
2024-05-10 16:19:30,933 [Worker-60: Building] INFO  o.a.m.s.f.DefaultMavenResourcesFiltering - skip non existing resourceDirectory C:\Users\bhagwat mohite\OneDrive\Desktop\EzioTech\E-comme-Backend\ezio-ecomm\src\test\resources
2024-05-10 16:36:41,731 [Worker-59: Building] INFO  o.a.m.s.f.DefaultMavenResourcesFiltering - Copying 1 resource from src\main\resources to target\classes
2024-05-10 16:36:41,750 [Worker-59: Building] INFO  o.a.m.s.f.DefaultMavenResourcesFiltering - Copying 19 resources from src\main\resources to target\classes
2024-05-10 16:36:41,766 [Worker-59: Building] INFO  o.a.m.s.f.DefaultMavenResourcesFiltering - skip non existing resourceDirectory C:\Users\bhagwat mohite\OneDrive\Desktop\EzioTech\E-comme-Backend\ezio-ecomm\src\test\resources
2024-05-10 16:37:05,262 [Worker-58: Building] INFO  o.a.m.s.f.DefaultMavenResourcesFiltering - Copying 1 resource from src\main\resources to target\classes
2024-05-10 16:37:05,274 [Worker-58: Building] INFO  o.a.m.s.f.DefaultMavenResourcesFiltering - Copying 19 resources from src\main\resources to target\classes
2024-05-10 16:37:05,292 [Worker-58: Building] INFO  o.a.m.s.f.DefaultMavenResourcesFiltering - skip non existing resourceDirectory C:\Users\bhagwat mohite\OneDrive\Desktop\EzioTech\E-comme-Backend\ezio-ecomm\src\test\resources
2024-05-10 17:09:36,578 [Worker-4: Building] INFO  o.a.m.s.f.DefaultMavenResourcesFiltering - Copying 1 resource from src\main\resources to target\classes
2024-05-10 17:09:36,649 [Worker-4: Building] INFO  o.a.m.s.f.DefaultMavenResourcesFiltering - Copying 19 resources from src\main\resources to target\classes
2024-05-10 17:09:36,720 [Worker-4: Building] INFO  o.a.m.s.f.DefaultMavenResourcesFiltering - skip non existing resourceDirectory C:\Users\bhagwat mohite\OneDrive\Desktop\EzioTech\E-comme-Backend\ezio-ecomm\src\test\resources
